0 info it worked if it ends with ok
1 verbose cli [ '/usr/bin/node', '/usr/bin/npm', 'start' ]
2 info using npm@1.4.28
3 info using node@v0.10.33
4 verbose node symlink /usr/bin/node
5 verbose run-script [ 'prestart', 'start', 'poststart' ]
6 info prestart aqp@1.0.0
7 verbose unsafe-perm in lifecycle true
8 info aqp@1.0.0 Failed to exec prestart script
9 error aqp@1.0.0 prestart: `mongod -f ./mongod.conf --fork --logpath /dev/null  & ./node_modules/mongodb-rest/bin/mongodb-rest & cd ./node_modules/mongo-express/ & node app.js`
9 error Exit status 8
10 error Failed at the aqp@1.0.0 prestart script.
10 error This is most likely a problem with the aqp package,
10 error not with npm itself.
10 error Tell the author that this fails on your system:
10 error     mongod -f ./mongod.conf --fork --logpath /dev/null  & ./node_modules/mongodb-rest/bin/mongodb-rest & cd ./node_modules/mongo-express/ & node app.js
10 error You can get their info via:
10 error     npm owner ls aqp
10 error There is likely additional logging output above.
11 error System Linux 3.13.0-32-generic
12 error command "/usr/bin/node" "/usr/bin/npm" "start"
13 error cwd /home/philippe/workspace/aqp
14 error node -v v0.10.33
15 error npm -v 1.4.28
16 error code ELIFECYCLE
17 verbose exit [ 1, true ]
